<?xml version="1.0" encoding="UTF-8"?>
<testng-results ignored="0" total="1" passed="1" failed="0" skipped="0">
  <reporter-output>
  </reporter-output>
  <suite started-at="2024-01-26T19:31:17 EET" name="Surefire suite" finished-at="2024-01-26T19:31:18 EET" duration-ms="326">
    <groups>
      <group name="cucumber">
        <method signature="AbstractTestNGCucumberTests.runScenario(io.cucumber.testng.PickleWrapper,io.cucumber.testng.FeatureWrapper)[pri:0, instance:Runner@5af97850]" name="runScenario" class="io.cucumber.testng.AbstractTestNGCucumberTests"/>
      </group> <!-- cucumber -->
    </groups>
    <test started-at="2024-01-26T19:31:17 EET" name="Surefire test" finished-at="2024-01-26T19:31:18 EET" duration-ms="326">
      <class name="Runner">
        <test-method is-config="true" signature="setUpClass(org.testng.ITestContext)[pri:0, instance:Runner@5af97850]" started-at="2024-01-26T19:31:17 EET" name="setUpClass" finished-at="2024-01-26T19:31:17 EET" duration-ms="90" status="PASS">
          <params>
            <param index="0">
              <value>
                <![CDATA[org.testng.TestRunner@5d1659ea]]>
              </value>
            </param>
          </params>
          <reporter-output>
          </reporter-output>
        </test-method> <!-- setUpClass -->
        <test-method signature="runScenario(io.cucumber.testng.PickleWrapper,io.cucumber.testng.FeatureWrapper)[pri:0, instance:Runner@5af97850]" started-at="2024-01-26T19:31:17 EET" name="runScenario" description="Runs Cucumber Scenarios" data-provider="scenarios" finished-at="2024-01-26T19:31:18 EET" duration-ms="219" status="PASS">
          <params>
            <param index="0">
              <value>
                <![CDATA["As a QA I need to be able to add file into db and validate data"]]>
              </value>
            </param>
            <param index="1">
              <value>
                <![CDATA["Optional[validate customer sheet values]"]]>
              </value>
            </param>
          </params>
          <reporter-output>
          </reporter-output>
        </test-method> <!-- runScenario -->
        <test-method is-config="true" signature="tearDownClass()[pri:0, instance:Runner@5af97850]" started-at="2024-01-26T19:31:18 EET" name="tearDownClass" finished-at="2024-01-26T19:31:18 EET" duration-ms="3" status="PASS">
          <reporter-output>
          </reporter-output>
        </test-method> <!-- tearDownClass -->
      </class> <!-- Runner -->
    </test> <!-- Surefire test -->
  </suite> <!-- Surefire suite -->
</testng-results>
